<?xml version="1.0" encoding="UTF-8"?>
<!-- Generated by org.testng.reporters.JUnitReportReporter -->
<testsuite hostname="BLR1-LHP-N03121" name="utils.ExcelDataProvider" tests="3" failures="0" timestamp="23 Jun 2020 06:41:34 GMT" time="18.509" errors="0">
  <testcase name="test1" time="12.527" classname="utils.ExcelDataProvider"/>
  <testcase name="test1" time="3.009" classname="utils.ExcelDataProvider"/>
  <testcase name="test1" time="2.973" classname="utils.ExcelDataProvider"/>
</testsuite> <!-- utils.ExcelDataProvider -->
